<?xml version="1.0" encoding="UTF-8"?>
<!-- Generated by org.testng.reporters.JUnitReportReporter -->
<testsuite skipped="0" hostname="Infva06894" name="day10.FirstScript" tests="1" failures="0" timestamp="15 Mar 2019 09:02:19 GMT" time="4.408" errors="0">
  <testcase name="f" time="4.408" classname="day10.FirstScript"/>
</testsuite> <!-- day10.FirstScript -->
