<?xml version="1.0" encoding="UTF-8"?>
<!-- Generated by org.testng.reporters.JUnitReportReporter -->
<testsuite skipped="0" hostname="Infva06894" name="in.lnt.day1.AllAnotations" tests="2" failures="0" timestamp="12 Mar 2019 04:15:05 GMT" time="0.006" errors="0">
  <testcase name="f2" time="0.002" classname="in.lnt.day1.AllAnotations"/>
  <testcase name="f1" time="0.004" classname="in.lnt.day1.AllAnotations"/>
</testsuite> <!-- in.lnt.day1.AllAnotations -->
