<?xml version="1.0" encoding="UTF-8"?>
<!-- Generated by org.testng.reporters.JUnitReportReporter -->
<testsuite skipped="0" hostname="Infva06894" name="Day8.dependsExample" tests="6" failures="0" timestamp="13 Mar 2019 07:24:59 GMT" time="16.627" errors="0">
  <testcase name="f2" time="0.045" classname="Day8.dependsExample"/>
  <testcase name="f3" time="7.889" classname="Day8.dependsExample"/>
  <testcase name="f2" time="0.097" classname="Day8.dependsExample"/>
  <testcase name="f1" time="2.535" classname="Day8.dependsExample"/>
  <testcase name="f3" time="2.390" classname="Day8.dependsExample"/>
  <testcase name="f1" time="3.671" classname="Day8.dependsExample"/>
</testsuite> <!-- Day8.dependsExample -->
