<?xml version="1.0" encoding="UTF-8"?>
<!-- Generated by org.testng.reporters.JUnitReportReporter -->
<testsuite skipped="0" hostname="Infva06894" name="Day9.Execute" tests="2" failures="0" timestamp="14 Mar 2019 04:19:00 GMT" time="64.367" errors="0">
  <testcase name="LinkTest" time="53.021" classname="Day9.Execute"/>
  <testcase name="F" time="11.346" classname="Day9.Execute"/>
</testsuite> <!-- Day9.Execute -->
