<?xml version="1.0" encoding="UTF-8"?>
<!-- Generated by org.testng.reporters.JUnitReportReporter -->
<testsuite skipped="0" hostname="Infva06894" name="Day9.Execute2" tests="1" failures="0" timestamp="14 Mar 2019 05:33:14 GMT" time="7.343" errors="0">
  <testcase name="f" time="7.343" classname="Day9.Execute2"/>
</testsuite> <!-- Day9.Execute2 -->
