<?xml version="1.0" encoding="UTF-8"?>
<!-- Generated by org.testng.reporters.JUnitReportReporter -->
<testsuite skipped="0" hostname="Infva06894" name="Day8.Execute" tests="2" failures="0" timestamp="13 Mar 2019 12:27:58 GMT" time="7.081" errors="0">
  <testcase name="LoginTest" time="4.789" classname="Day8.Execute"/>
  <testcase name="RunQueryTest" time="2.292" classname="Day8.Execute"/>
</testsuite> <!-- Day8.Execute -->
