<?xml version="1.0" encoding="UTF-8"?>
<!-- Generated by org.testng.reporters.JUnitReportReporter -->
<testsuite skipped="1" hostname="Infva06894" name="Day9.Hybrid" tests="1" failures="0" timestamp="14 Mar 2019 07:31:55 GMT" time="0.000" errors="0">
  <testcase name="f" time="0.000" classname="Day9.Hybrid">
    <skipped/>
  </testcase> <!-- f -->
</testsuite> <!-- Day9.Hybrid -->
