<?xml version="1.0" encoding="UTF-8"?>
<!-- Generated by org.testng.reporters.JUnitReportReporter -->
<testsuite skipped="0" hostname="Infva06894" name="Day7.Scrolling" tests="1" failures="0" timestamp="13 Mar 2019 07:24:59 GMT" time="21.319" errors="0">
  <testcase name="f" time="21.319" classname="Day7.Scrolling"/>
</testsuite> <!-- Day7.Scrolling -->
