<?xml version="1.0" encoding="UTF-8"?>
<!-- Generated by org.testng.reporters.JUnitReportReporter -->
<testsuite skipped="0" hostname="Infva06894" name="Day7.DeleteCookie" tests="1" failures="0" timestamp="12 Mar 2019 05:41:53 GMT" time="4.146" errors="0">
  <testcase name="Oracle" time="4.146" classname="Day7.DeleteCookie"/>
</testsuite> <!-- Day7.DeleteCookie -->
