<?xml version="1.0" encoding="UTF-8"?>
<!-- Generated by org.testng.reporters.JUnitReportReporter -->
<testsuite skipped="0" hostname="Infva06894" name="Day9.GridExample" tests="2" failures="0" timestamp="14 Mar 2019 10:16:24 GMT" time="7.885" errors="0">
  <testcase name="f" time="3.072" classname="Day9.GridExample"/>
  <testcase name="f" time="4.813" classname="Day9.GridExample"/>
</testsuite> <!-- Day9.GridExample -->
