<?xml version="1.0" encoding="UTF-8"?>
<!-- Generated by org.testng.reporters.JUnitReportReporter -->
<testsuite skipped="0" hostname="Infva06894" name="Day8.ReadProperty" tests="1" failures="0" timestamp="13 Mar 2019 10:25:07 GMT" time="4.094" errors="0">
  <testcase name="Read" time="4.094" classname="Day8.ReadProperty"/>
</testsuite> <!-- Day8.ReadProperty -->
