<?xml version="1.0" encoding="UTF-8"?>
<!-- Generated by org.testng.reporters.JUnitReportReporter -->
<testsuite skipped="0" hostname="Infva06894" name="Day7.alertExample" tests="1" failures="0" timestamp="12 Mar 2019 06:42:28 GMT" time="13.774" errors="0">
  <testcase name="alertTest" time="13.774" classname="Day7.alertExample"/>
</testsuite> <!-- Day7.alertExample -->
