<?xml version="1.0" encoding="UTF-8"?>
<!-- Generated by org.testng.reporters.JUnitReportReporter -->
<testsuite skipped="0" hostname="Infva06894" name="in.lnt.day1.FirstNG" tests="2" failures="0" timestamp="09 Mar 2019 06:53:20 GMT" time="3.091" errors="0">
  <testcase name="titleTest" time="3.047" classname="in.lnt.day1.FirstNG"/>
  <testcase name="searchBoxTest" time="0.044" classname="in.lnt.day1.FirstNG"/>
</testsuite> <!-- in.lnt.day1.FirstNG -->
