<?xml version="1.0" encoding="UTF-8"?>
<!-- Generated by org.testng.reporters.JUnitReportReporter -->
<testsuite skipped="0" hostname="Infva06894" name="day10.Ref" tests="1" failures="0" timestamp="15 Mar 2019 11:56:25 GMT" time="0.125" errors="0">
  <testcase name="f" time="0.125" classname="day10.Ref"/>
</testsuite> <!-- day10.Ref -->
