<?xml version="1.0" encoding="UTF-8"?>
<!-- Generated by org.testng.reporters.JUnitReportReporter -->
<testsuite skipped="0" hostname="Infva06894" name="day10.CsvRead" tests="1" failures="0" timestamp="15 Mar 2019 09:29:38 GMT" time="0.075" errors="0">
  <testcase name="f" time="0.075" classname="day10.CsvRead"/>
</testsuite> <!-- day10.CsvRead -->
